<?xml version="1.0" encoding="UTF-8"?>
<coverage generated="1624402307575" clover="3.2.0">
  <project timestamp="1624402307575" name="All files">
    <metrics statements="46" coveredstatements="27" conditionals="6" coveredconditionals="1" methods="23" coveredmethods="13" elements="75" coveredelements="41" complexity="0" loc="46" ncloc="46" packages="4" files="8" classes="8"/>
    <package name="src">
      <metrics statements="20" coveredstatements="10" conditionals="4" coveredconditionals="0" methods="7" coveredmethods="3"/>
      <file name="App.js" path="C:\Users\Erick Vergara\OneDrive\Desktop\animewiki\animewiki\src\App.js">
        <metrics statements="20" coveredstatements="10" conditionals="4" coveredconditionals="0" methods="7" coveredmethods="3"/>
        <line num="10" count="9" type="stmt"/>
        <line num="11" count="9" type="stmt"/>
        <line num="12" count="9" type="stmt"/>
        <line num="14" count="9" type="stmt"/>
        <line num="15" count="9" type="stmt"/>
        <line num="16" count="0" type="stmt"/>
        <line num="18" count="0" type="stmt"/>
        <line num="21" count="9" type="stmt"/>
        <line num="22" count="9" type="stmt"/>
        <line num="25" count="9" type="stmt"/>
        <line num="26" count="0" type="stmt"/>
        <line num="28" count="0" type="stmt"/>
        <line num="31" count="9" type="stmt"/>
        <line num="32" count="0" type="stmt"/>
        <line num="34" count="0" type="cond" truecount="0" falsecount="2"/>
        <line num="37" count="0" type="stmt"/>
        <line num="41" count="0" type="cond" truecount="0" falsecount="2"/>
        <line num="42" count="0" type="stmt"/>
        <line num="44" count="0" type="stmt"/>
        <line num="49" count="9" type="stmt"/>
      </file>
    </package>
    <package name="src.AnimeDetailsComponents">
      <metrics statements="2" coveredstatements="1" conditionals="0" coveredconditionals="0" methods="2" coveredmethods="1"/>
      <file name="asideDetails.js" path="C:\Users\Erick Vergara\OneDrive\Desktop\animewiki\animewiki\src\AnimeDetailsComponents\asideDetails.js">
        <metrics statements="2" coveredstatements="1" conditionals="0" coveredconditionals="0" methods="2" coveredmethods="1"/>
        <line num="4" count="3" type="stmt"/>
        <line num="29" count="0" type="stmt"/>
      </file>
    </package>
    <package name="src.components">
      <metrics statements="23" coveredstatements="15" conditionals="2" coveredconditionals="1" methods="14" coveredmethods="9"/>
      <file name="AnimeDetails.js" path="C:\Users\Erick Vergara\OneDrive\Desktop\animewiki\animewiki\src\components\AnimeDetails.js">
        <metrics statements="15" coveredstatements="10" conditionals="2" coveredconditionals="1" methods="6" coveredmethods="4"/>
        <line num="7" count="2" type="stmt"/>
        <line num="8" count="1" type="stmt"/>
        <line num="9" count="1" type="stmt"/>
        <line num="13" count="0" type="stmt"/>
        <line num="14" count="0" type="stmt"/>
        <line num="17" count="1" type="stmt"/>
        <line num="18" count="1" type="stmt"/>
        <line num="21" count="1" type="stmt"/>
        <line num="22" count="1" type="stmt"/>
        <line num="23" count="0" type="stmt"/>
        <line num="25" count="0" type="stmt"/>
        <line num="29" count="1" type="cond" truecount="1" falsecount="1"/>
        <line num="30" count="0" type="stmt"/>
        <line num="33" count="1" type="stmt"/>
        <line num="37" count="1" type="stmt"/>
      </file>
      <file name="AnimePic.js" path="C:\Users\Erick Vergara\OneDrive\Desktop\animewiki\animewiki\src\components\AnimePic.js">
        <metrics statements="1" coveredstatements="1" conditionals="0" coveredconditionals="0" methods="1" coveredmethods="1"/>
        <line num="5" count="1" type="stmt"/>
      </file>
      <file name="Header.js" path="C:\Users\Erick Vergara\OneDrive\Desktop\animewiki\animewiki\src\components\Header.js">
        <metrics statements="1" coveredstatements="1" conditionals="0" coveredconditionals="0" methods="1" coveredmethods="1"/>
        <line num="3" count="10" type="stmt"/>
      </file>
      <file name="Main.js" path="C:\Users\Erick Vergara\OneDrive\Desktop\animewiki\animewiki\src\components\Main.js">
        <metrics statements="3" coveredstatements="1" conditionals="0" coveredconditionals="0" methods="3" coveredmethods="1"/>
        <line num="5" count="11" type="stmt"/>
        <line num="15" count="0" type="stmt"/>
        <line num="20" count="0" type="stmt"/>
      </file>
      <file name="TopsAnimes.js" path="C:\Users\Erick Vergara\OneDrive\Desktop\animewiki\animewiki\src\components\TopsAnimes.js">
        <metrics statements="3" coveredstatements="2" conditionals="0" coveredconditionals="0" methods="3" coveredmethods="2"/>
        <line num="8" count="1" type="stmt"/>
        <line num="10" count="12" type="stmt"/>
        <line num="15" count="0" type="stmt"/>
      </file>
    </package>
    <package name="src.test">
      <metrics statements="1" coveredstatements="1" conditionals="0" coveredconditionals="0" methods="0" coveredmethods="0"/>
      <file name="anime.js" path="C:\Users\Erick Vergara\OneDrive\Desktop\animewiki\animewiki\src\test\anime.js">
        <metrics statements="1" coveredstatements="1" conditionals="0" coveredconditionals="0" methods="0" coveredmethods="0"/>
        <line num="2" count="2" type="stmt"/>
      </file>
    </package>
  </project>
</coverage>
