{"C:\\Users\\Erick Vergara\\OneDrive\\Desktop\\animewiki\\animewiki\\src\\components\\TopsAnimes.js": {"path":"C:\\Users\\Erick Vergara\\OneDrive\\Desktop\\animewiki\\animewiki\\src\\components\\TopsAnimes.js","statementMap":{"0":{"start":{"line":8,"column":8},"end":{"line":8,"column":30}},"1":{"start":{"line":10,"column":4},"end":{"line":27,"column":5}},"2":{"start":{"line":15,"column":20},"end":{"line":23,"column":27}}},"fnMap":{"0":{"name":"TopsAnimes","decl":{"start":{"line":6,"column":9},"end":{"line":6,"column":19}},"loc":{"start":{"line":6,"column":32},"end":{"line":28,"column":1}},"line":6},"1":{"name":"scrolltop","decl":{"start":{"line":7,"column":13},"end":{"line":7,"column":22}},"loc":{"start":{"line":7,"column":25},"end":{"line":9,"column":5}},"line":7},"2":{"name":"(anonymous_2)","decl":{"start":{"line":14,"column":30},"end":{"line":14,"column":31}},"loc":{"start":{"line":15,"column":20},"end":{"line":23,"column":27}},"line":15}},"branchMap":{},"s":{"0":1,"1":3,"2":0},"f":{"0":3,"1":1,"2":0},"b":{},"_coverageSchema":"1a1c01bbd47fc00a2c39e90264f33305004495a9","hash":"174c2a69d82eebfa4eef3d0a188e2bb25d460d55"}
,"C:\\Users\\Erick Vergara\\OneDrive\\Desktop\\animewiki\\animewiki\\src\\test\\anime.js": {"path":"C:\\Users\\Erick Vergara\\OneDrive\\Desktop\\animewiki\\animewiki\\src\\test\\anime.js","statementMap":{"0":{"start":{"line":2,"column":14},"end":{"line":164,"column":2}}},"fnMap":{},"branchMap":{},"s":{"0":1},"f":{},"b":{},"_coverageSchema":"1a1c01bbd47fc00a2c39e90264f33305004495a9","hash":"11f4ebc80029142107f6b8d71461230385d37b2f"}
}
