{"C:\\Users\\Erick Vergara\\OneDrive\\Desktop\\animewiki\\animewiki\\src\\App.js": {"path":"C:\\Users\\Erick Vergara\\OneDrive\\Desktop\\animewiki\\animewiki\\src\\App.js","statementMap":{"0":{"start":{"line":10,"column":35},"end":{"line":10,"column":47}},"1":{"start":{"line":11,"column":33},"end":{"line":11,"column":45}},"2":{"start":{"line":12,"column":29},"end":{"line":12,"column":41}},"3":{"start":{"line":14,"column":22},"end":{"line":19,"column":3}},"4":{"start":{"line":15,"column":17},"end":{"line":16,"column":28}},"5":{"start":{"line":16,"column":17},"end":{"line":16,"column":27}},"6":{"start":{"line":18,"column":4},"end":{"line":18,"column":38}},"7":{"start":{"line":21,"column":2},"end":{"line":23,"column":9}},"8":{"start":{"line":22,"column":4},"end":{"line":22,"column":18}},"9":{"start":{"line":25,"column":22},"end":{"line":29,"column":3}},"10":{"start":{"line":26,"column":4},"end":{"line":26,"column":27}},"11":{"start":{"line":28,"column":4},"end":{"line":28,"column":23}},"12":{"start":{"line":31,"column":21},"end":{"line":47,"column":3}},"13":{"start":{"line":32,"column":17},"end":{"line":39,"column":8}},"14":{"start":{"line":34,"column":8},"end":{"line":38,"column":9}},"15":{"start":{"line":37,"column":10},"end":{"line":37,"column":27}},"16":{"start":{"line":41,"column":6},"end":{"line":45,"column":7}},"17":{"start":{"line":42,"column":8},"end":{"line":42,"column":17}},"18":{"start":{"line":44,"column":8},"end":{"line":44,"column":35}},"19":{"start":{"line":49,"column":2},"end":{"line":71,"column":4}}},"fnMap":{"0":{"name":"App","decl":{"start":{"line":9,"column":9},"end":{"line":9,"column":12}},"loc":{"start":{"line":9,"column":15},"end":{"line":72,"column":1}},"line":9},"1":{"name":"(anonymous_1)","decl":{"start":{"line":14,"column":22},"end":{"line":14,"column":23}},"loc":{"start":{"line":14,"column":34},"end":{"line":19,"column":3}},"line":14},"2":{"name":"(anonymous_2)","decl":{"start":{"line":16,"column":10},"end":{"line":16,"column":11}},"loc":{"start":{"line":16,"column":17},"end":{"line":16,"column":27}},"line":16},"3":{"name":"(anonymous_3)","decl":{"start":{"line":21,"column":13},"end":{"line":21,"column":14}},"loc":{"start":{"line":21,"column":19},"end":{"line":23,"column":3}},"line":21},"4":{"name":"(anonymous_4)","decl":{"start":{"line":25,"column":22},"end":{"line":25,"column":23}},"loc":{"start":{"line":25,"column":30},"end":{"line":29,"column":3}},"line":25},"5":{"name":"(anonymous_5)","decl":{"start":{"line":31,"column":21},"end":{"line":31,"column":22}},"loc":{"start":{"line":31,"column":38},"end":{"line":47,"column":3}},"line":31},"6":{"name":"(anonymous_6)","decl":{"start":{"line":33,"column":12},"end":{"line":33,"column":13}},"loc":{"start":{"line":33,"column":19},"end":{"line":39,"column":7}},"line":33}},"branchMap":{"0":{"loc":{"start":{"line":34,"column":8},"end":{"line":38,"column":9}},"type":"if","locations":[{"start":{"line":34,"column":8},"end":{"line":38,"column":9}},{"start":{"line":34,"column":8},"end":{"line":38,"column":9}}],"line":34},"1":{"loc":{"start":{"line":41,"column":6},"end":{"line":45,"column":7}},"type":"if","locations":[{"start":{"line":41,"column":6},"end":{"line":45,"column":7}},{"start":{"line":41,"column":6},"end":{"line":45,"column":7}}],"line":41}},"s":{"0":9,"1":9,"2":9,"3":9,"4":9,"5":0,"6":0,"7":9,"8":9,"9":9,"10":0,"11":0,"12":9,"13":0,"14":0,"15":0,"16":0,"17":0,"18":0,"19":9},"f":{"0":9,"1":9,"2":0,"3":9,"4":0,"5":0,"6":0},"b":{"0":[0,0],"1":[0,0]},"_coverageSchema":"1a1c01bbd47fc00a2c39e90264f33305004495a9","hash":"75a017f2e0d1b62612e54e5d76638f7a0e9c93e3"}
,"C:\\Users\\Erick Vergara\\OneDrive\\Desktop\\animewiki\\animewiki\\src\\AnimeDetailsComponents\\asideDetails.js": {"path":"C:\\Users\\Erick Vergara\\OneDrive\\Desktop\\animewiki\\animewiki\\src\\AnimeDetailsComponents\\asideDetails.js","statementMap":{"0":{"start":{"line":4,"column":4},"end":{"line":45,"column":5}},"1":{"start":{"line":29,"column":16},"end":{"line":31,"column":21}}},"fnMap":{"0":{"name":"AsideDetails","decl":{"start":{"line":3,"column":9},"end":{"line":3,"column":21}},"loc":{"start":{"line":3,"column":29},"end":{"line":46,"column":1}},"line":3},"1":{"name":"(anonymous_1)","decl":{"start":{"line":28,"column":34},"end":{"line":28,"column":35}},"loc":{"start":{"line":29,"column":16},"end":{"line":31,"column":21}},"line":29}},"branchMap":{},"s":{"0":3,"1":0},"f":{"0":3,"1":0},"b":{},"_coverageSchema":"1a1c01bbd47fc00a2c39e90264f33305004495a9","hash":"d653452bf6cecec6ff7a56975928ce05a44109ef"}
,"C:\\Users\\Erick Vergara\\OneDrive\\Desktop\\animewiki\\animewiki\\src\\components\\AnimeDetails.js": {"path":"C:\\Users\\Erick Vergara\\OneDrive\\Desktop\\animewiki\\animewiki\\src\\components\\AnimeDetails.js","statementMap":{"0":{"start":{"line":7,"column":13},"end":{"line":7,"column":24}},"1":{"start":{"line":8,"column":39},"end":{"line":8,"column":51}},"2":{"start":{"line":9,"column":39},"end":{"line":9,"column":51}},"3":{"start":{"line":13,"column":8},"end":{"line":13,"column":28}},"4":{"start":{"line":14,"column":8},"end":{"line":14,"column":35}},"5":{"start":{"line":17,"column":4},"end":{"line":19,"column":11}},"6":{"start":{"line":18,"column":8},"end":{"line":18,"column":25}},"7":{"start":{"line":21,"column":28},"end":{"line":26,"column":5}},"8":{"start":{"line":22,"column":21},"end":{"line":23,"column":32}},"9":{"start":{"line":23,"column":21},"end":{"line":23,"column":31}},"10":{"start":{"line":25,"column":8},"end":{"line":25,"column":22}},"11":{"start":{"line":29,"column":8},"end":{"line":34,"column":9}},"12":{"start":{"line":30,"column":12},"end":{"line":30,"column":23}},"13":{"start":{"line":33,"column":11},"end":{"line":33,"column":237}},"14":{"start":{"line":37,"column":4},"end":{"line":57,"column":5}}},"fnMap":{"0":{"name":"AnimeDetails","decl":{"start":{"line":6,"column":9},"end":{"line":6,"column":21}},"loc":{"start":{"line":6,"column":24},"end":{"line":58,"column":1}},"line":6},"1":{"name":"SetInfo","decl":{"start":{"line":12,"column":13},"end":{"line":12,"column":20}},"loc":{"start":{"line":12,"column":28},"end":{"line":15,"column":5}},"line":12},"2":{"name":"(anonymous_2)","decl":{"start":{"line":17,"column":14},"end":{"line":17,"column":15}},"loc":{"start":{"line":17,"column":20},"end":{"line":19,"column":5}},"line":17},"3":{"name":"(anonymous_3)","decl":{"start":{"line":21,"column":28},"end":{"line":21,"column":29}},"loc":{"start":{"line":21,"column":43},"end":{"line":26,"column":5}},"line":21},"4":{"name":"(anonymous_4)","decl":{"start":{"line":23,"column":14},"end":{"line":23,"column":15}},"loc":{"start":{"line":23,"column":21},"end":{"line":23,"column":31}},"line":23},"5":{"name":"hideVideo","decl":{"start":{"line":28,"column":13},"end":{"line":28,"column":22}},"loc":{"start":{"line":28,"column":26},"end":{"line":35,"column":5}},"line":28}},"branchMap":{"0":{"loc":{"start":{"line":29,"column":8},"end":{"line":34,"column":9}},"type":"if","locations":[{"start":{"line":29,"column":8},"end":{"line":34,"column":9}},{"start":{"line":29,"column":8},"end":{"line":34,"column":9}}],"line":29}},"s":{"0":2,"1":1,"2":1,"3":0,"4":0,"5":1,"6":1,"7":1,"8":1,"9":0,"10":0,"11":1,"12":0,"13":1,"14":1},"f":{"0":2,"1":0,"2":1,"3":1,"4":0,"5":1},"b":{"0":[0,1]},"_coverageSchema":"1a1c01bbd47fc00a2c39e90264f33305004495a9","hash":"4a15bb620d97b6e475644027a6a9ddfc9bf65150"}
,"C:\\Users\\Erick Vergara\\OneDrive\\Desktop\\animewiki\\animewiki\\src\\components\\AnimePic.js": {"path":"C:\\Users\\Erick Vergara\\OneDrive\\Desktop\\animewiki\\animewiki\\src\\components\\AnimePic.js","statementMap":{"0":{"start":{"line":5,"column":4},"end":{"line":18,"column":5}}},"fnMap":{"0":{"name":"AnimePic","decl":{"start":{"line":4,"column":9},"end":{"line":4,"column":17}},"loc":{"start":{"line":4,"column":27},"end":{"line":19,"column":1}},"line":4}},"branchMap":{},"s":{"0":1},"f":{"0":1},"b":{},"_coverageSchema":"1a1c01bbd47fc00a2c39e90264f33305004495a9","hash":"59831e2cfc1864acc9e2e8e9e21578dea8b3c44f"}
,"C:\\Users\\Erick Vergara\\OneDrive\\Desktop\\animewiki\\animewiki\\src\\components\\Header.js": {"path":"C:\\Users\\Erick Vergara\\OneDrive\\Desktop\\animewiki\\animewiki\\src\\components\\Header.js","statementMap":{"0":{"start":{"line":3,"column":4},"end":{"line":9,"column":5}}},"fnMap":{"0":{"name":"Header","decl":{"start":{"line":2,"column":9},"end":{"line":2,"column":15}},"loc":{"start":{"line":2,"column":18},"end":{"line":10,"column":1}},"line":2}},"branchMap":{},"s":{"0":10},"f":{"0":10},"b":{},"_coverageSchema":"1a1c01bbd47fc00a2c39e90264f33305004495a9","hash":"0c12eaaa6c13d35ec47f3daa1557089c52b3f8ee"}
,"C:\\Users\\Erick Vergara\\OneDrive\\Desktop\\animewiki\\animewiki\\src\\components\\Main.js": {"path":"C:\\Users\\Erick Vergara\\OneDrive\\Desktop\\animewiki\\animewiki\\src\\components\\Main.js","statementMap":{"0":{"start":{"line":5,"column":4},"end":{"line":26,"column":5}},"1":{"start":{"line":15,"column":34},"end":{"line":15,"column":68}},"2":{"start":{"line":20,"column":20},"end":{"line":22,"column":35}}},"fnMap":{"0":{"name":"Main","decl":{"start":{"line":4,"column":9},"end":{"line":4,"column":13}},"loc":{"start":{"line":4,"column":21},"end":{"line":27,"column":1}},"line":4},"1":{"name":"(anonymous_1)","decl":{"start":{"line":15,"column":26},"end":{"line":15,"column":27}},"loc":{"start":{"line":15,"column":34},"end":{"line":15,"column":68}},"line":15},"2":{"name":"(anonymous_2)","decl":{"start":{"line":19,"column":37},"end":{"line":19,"column":38}},"loc":{"start":{"line":20,"column":20},"end":{"line":22,"column":35}},"line":20}},"branchMap":{},"s":{"0":11,"1":0,"2":0},"f":{"0":11,"1":0,"2":0},"b":{},"_coverageSchema":"1a1c01bbd47fc00a2c39e90264f33305004495a9","hash":"313cc8cfed779394b2108975d432ad8913d8a1e1"}
,"C:\\Users\\Erick Vergara\\OneDrive\\Desktop\\animewiki\\animewiki\\src\\components\\TopsAnimes.js": {"path":"C:\\Users\\Erick Vergara\\OneDrive\\Desktop\\animewiki\\animewiki\\src\\components\\TopsAnimes.js","statementMap":{"0":{"start":{"line":8,"column":8},"end":{"line":8,"column":30}},"1":{"start":{"line":10,"column":4},"end":{"line":27,"column":5}},"2":{"start":{"line":15,"column":20},"end":{"line":23,"column":27}}},"fnMap":{"0":{"name":"TopsAnimes","decl":{"start":{"line":6,"column":9},"end":{"line":6,"column":19}},"loc":{"start":{"line":6,"column":32},"end":{"line":28,"column":1}},"line":6},"1":{"name":"scrolltop","decl":{"start":{"line":7,"column":13},"end":{"line":7,"column":22}},"loc":{"start":{"line":7,"column":25},"end":{"line":9,"column":5}},"line":7},"2":{"name":"(anonymous_2)","decl":{"start":{"line":14,"column":30},"end":{"line":14,"column":31}},"loc":{"start":{"line":15,"column":20},"end":{"line":23,"column":27}},"line":15}},"branchMap":{},"s":{"0":1,"1":12,"2":0},"f":{"0":12,"1":1,"2":0},"b":{},"_coverageSchema":"1a1c01bbd47fc00a2c39e90264f33305004495a9","hash":"174c2a69d82eebfa4eef3d0a188e2bb25d460d55"}
,"C:\\Users\\Erick Vergara\\OneDrive\\Desktop\\animewiki\\animewiki\\src\\test\\anime.js": {"path":"C:\\Users\\Erick Vergara\\OneDrive\\Desktop\\animewiki\\animewiki\\src\\test\\anime.js","statementMap":{"0":{"start":{"line":2,"column":14},"end":{"line":164,"column":2}}},"fnMap":{},"branchMap":{},"s":{"0":2},"f":{},"b":{},"_coverageSchema":"1a1c01bbd47fc00a2c39e90264f33305004495a9","hash":"11f4ebc80029142107f6b8d71461230385d37b2f"}
}
