TN:
SF:src\App.js
FN:9,App
FN:14,(anonymous_1)
FN:16,(anonymous_2)
FN:21,(anonymous_3)
FN:25,(anonymous_4)
FN:31,(anonymous_5)
FN:33,(anonymous_6)
FNF:7
FNH:3
FNDA:9,App
FNDA:9,(anonymous_1)
FNDA:0,(anonymous_2)
FNDA:9,(anonymous_3)
FNDA:0,(anonymous_4)
FNDA:0,(anonymous_5)
FNDA:0,(anonymous_6)
DA:10,9
DA:11,9
DA:12,9
DA:14,9
DA:15,9
DA:16,0
DA:18,0
DA:21,9
DA:22,9
DA:25,9
DA:26,0
DA:28,0
DA:31,9
DA:32,0
DA:34,0
DA:37,0
DA:41,0
DA:42,0
DA:44,0
DA:49,9
LF:20
LH:10
BRDA:34,0,0,0
BRDA:34,0,1,0
BRDA:41,1,0,0
BRDA:41,1,1,0
BRF:4
BRH:0
end_of_record
TN:
SF:src\AnimeDetailsComponents\asideDetails.js
FN:3,AsideDetails
FN:28,(anonymous_1)
FNF:2
FNH:1
FNDA:3,AsideDetails
FNDA:0,(anonymous_1)
DA:4,3
DA:29,0
LF:2
LH:1
BRF:0
BRH:0
end_of_record
TN:
SF:src\components\AnimeDetails.js
FN:6,AnimeDetails
FN:12,SetInfo
FN:17,(anonymous_2)
FN:21,(anonymous_3)
FN:23,(anonymous_4)
FN:28,hideVideo
FNF:6
FNH:4
FNDA:2,AnimeDetails
FNDA:0,SetInfo
FNDA:1,(anonymous_2)
FNDA:1,(anonymous_3)
FNDA:0,(anonymous_4)
FNDA:1,hideVideo
DA:7,2
DA:8,1
DA:9,1
DA:13,0
DA:14,0
DA:17,1
DA:18,1
DA:21,1
DA:22,1
DA:23,0
DA:25,0
DA:29,1
DA:30,0
DA:33,1
DA:37,1
LF:15
LH:10
BRDA:29,0,0,0
BRDA:29,0,1,1
BRF:2
BRH:1
end_of_record
TN:
SF:src\components\AnimePic.js
FN:4,AnimePic
FNF:1
FNH:1
FNDA:1,AnimePic
DA:5,1
LF:1
LH:1
BRF:0
BRH:0
end_of_record
TN:
SF:src\components\Header.js
FN:2,Header
FNF:1
FNH:1
FNDA:10,Header
DA:3,10
LF:1
LH:1
BRF:0
BRH:0
end_of_record
TN:
SF:src\components\Main.js
FN:4,Main
FN:15,(anonymous_1)
FN:19,(anonymous_2)
FNF:3
FNH:1
FNDA:11,Main
FNDA:0,(anonymous_1)
FNDA:0,(anonymous_2)
DA:5,11
DA:15,0
DA:20,0
LF:3
LH:1
BRF:0
BRH:0
end_of_record
TN:
SF:src\components\TopsAnimes.js
FN:6,TopsAnimes
FN:7,scrolltop
FN:14,(anonymous_2)
FNF:3
FNH:2
FNDA:12,TopsAnimes
FNDA:1,scrolltop
FNDA:0,(anonymous_2)
DA:8,1
DA:10,12
DA:15,0
LF:3
LH:2
BRF:0
BRH:0
end_of_record
TN:
SF:src\test\anime.js
FNF:0
FNH:0
DA:2,2
LF:1
LH:1
BRF:0
BRH:0
end_of_record
